2026-03-29 21:16:24,601 - ICA_results_proposed - INFO - Logger initialized -> /Users/xuyg/GitHub/EEG_Reward-Processing_ERP/output_mne/logs/ICA_results_proposed.log
2026-03-29 21:16:24,602 - ICA_results_proposed - INFO - Output dir: /Users/xuyg/GitHub/EEG_Reward-Processing_ERP/output_mne
2026-03-29 21:16:24,603 - ICA_results_proposed - INFO - Check log file: /Users/xuyg/GitHub/EEG_Reward-Processing_ERP/output_mne/logs/ICA_results_proposed.log
2026-03-29 21:16:41,016 - ICA_results_proposed - INFO - Output dir: /Users/xuyg/GitHub/EEG_Reward-Processing_ERP/output_mne
2026-03-29 21:16:41,016 - ICA_results_proposed - INFO - Check log file: /Users/xuyg/GitHub/EEG_Reward-Processing_ERP/output_mne/logs/ICA_results_proposed.log
2026-03-29 21:58:34,296 - ICA_results_proposed - INFO - Subject 27: Excluded 12/31 ICs -> [0, 1, 2, 4, 5, 6, 11, 12, 13, 14, 18, 25]
2026-03-29 22:04:24,722 - ICA_results_proposed - INFO - Subject 27: Excluded 12/31 ICs -> [0, 1, 2, 4, 5, 6, 11, 12, 13, 14, 18, 25]
2026-03-29 22:16:58,444 - ICA_results_proposed - INFO - Subject 27: Excluded 12/31 ICs -> [0, 1, 2, 4, 5, 6, 11, 12, 13, 14, 18, 25]
2026-03-29 22:33:09,903 - ICA_results_proposed - INFO - Subject 27: Excluded 12/31 ICs -> [0, 1, 2, 4, 5, 6, 11, 12, 13, 14, 18, 25]
2026-03-29 22:42:39,854 - ICA_results_proposed - INFO - Output dir: /Users/xuyg/GitHub/EEG_Reward-Processing_ERP/output_mne
2026-03-29 22:42:39,859 - ICA_results_proposed - INFO - Check log file: /Users/xuyg/GitHub/EEG_Reward-Processing_ERP/output_mne/logs/ICA_results_proposed.log
2026-03-29 22:57:02,845 - ICA_results_proposed - INFO - Output dir: /Users/xuyg/GitHub/EEG_Reward-Processing_ERP/output_mne
2026-03-29 22:57:02,846 - ICA_results_proposed - INFO - Check log file: /Users/xuyg/GitHub/EEG_Reward-Processing_ERP/output_mne/logs/ICA_results_proposed.log
2026-03-29 23:00:00,172 - ICA_results_proposed - INFO - Subject 27: Excluded 12/31 ICs -> [0, 1, 2, 4, 5, 6, 11, 12, 13, 14, 18, 25]
2026-03-29 23:00:50,463 - ICA_results_proposed - INFO - Subject 27: Excluded 12/31 ICs -> [0, 1, 2, 4, 5, 6, 11, 12, 13, 14, 18, 25]
2026-03-29 23:04:11,992 - ICA_results_proposed - INFO - Subject 27: Excluded 12/31 ICs -> [0, 1, 2, 4, 5, 6, 11, 12, 13, 14, 18, 25]
2026-03-29 23:06:47,810 - ICA_results_proposed - INFO - Subject 27: Excluded 12/31 ICs -> [0, 1, 2, 4, 5, 6, 11, 12, 13, 14, 18, 25]
2026-03-29 23:08:17,987 - ICA_results_proposed - INFO - Output dir: /Users/xuyg/GitHub/EEG_Reward-Processing_ERP/output_mne
2026-03-29 23:08:17,988 - ICA_results_proposed - INFO - Check log file: /Users/xuyg/GitHub/EEG_Reward-Processing_ERP/output_mne/logs/ICA_results_proposed.log
2026-03-29 23:08:57,900 - ICA_results_proposed - INFO - Subject 27: Excluded 12/31 ICs -> [0, 1, 2, 4, 5, 6, 11, 12, 13, 14, 18, 25]
2026-03-29 23:09:15,446 - ICA_results_proposed - INFO - Subject 27: Excluded 12/31 ICs -> [0, 1, 2, 4, 5, 6, 11, 12, 13, 14, 18, 25]
2026-03-29 23:10:25,850 - ICA_results_proposed - INFO - Output dir: /Users/xuyg/GitHub/EEG_Reward-Processing_ERP/output_mne
2026-03-29 23:10:25,851 - ICA_results_proposed - INFO - Check log file: /Users/xuyg/GitHub/EEG_Reward-Processing_ERP/output_mne/logs/ICA_results_proposed.log
2026-03-29 23:11:03,689 - ICA_results_proposed - INFO - Subject 28: Excluded 11/31 ICs -> [0, 1, 3, 4, 6, 11, 14, 19, 21, 23, 30]
2026-03-29 23:11:23,117 - ICA_results_proposed - INFO - Subject 28: Excluded 11/31 ICs -> [0, 1, 3, 4, 6, 11, 14, 19, 21, 23, 30]
2026-03-29 23:11:40,669 - ICA_results_proposed - INFO - Output dir: /Users/xuyg/GitHub/EEG_Reward-Processing_ERP/output_mne
2026-03-29 23:11:40,669 - ICA_results_proposed - INFO - Check log file: /Users/xuyg/GitHub/EEG_Reward-Processing_ERP/output_mne/logs/ICA_results_proposed.log
2026-03-29 23:12:08,376 - ICA_results_proposed - INFO - Subject 29: Excluded 15/31 ICs -> [0, 1, 2, 8, 10, 11, 12, 14, 16, 18, 20, 21, 22, 25, 27]
2026-03-29 23:12:19,703 - ICA_results_proposed - INFO - Subject 29: Excluded 15/31 ICs -> [0, 1, 2, 8, 10, 11, 12, 14, 16, 18, 20, 21, 22, 25, 27]
2026-03-29 23:13:51,603 - ICA_results_proposed - INFO - Output dir: /Users/xuyg/GitHub/EEG_Reward-Processing_ERP/output_mne
2026-03-29 23:13:51,604 - ICA_results_proposed - INFO - Check log file: /Users/xuyg/GitHub/EEG_Reward-Processing_ERP/output_mne/logs/ICA_results_proposed.log
2026-03-29 23:14:23,877 - ICA_results_proposed - INFO - Subject 30: Excluded 10/31 ICs -> [0, 2, 3, 5, 8, 12, 15, 17, 24, 27]
2026-03-29 23:14:37,424 - ICA_results_proposed - INFO - Subject 30: Excluded 10/31 ICs -> [0, 2, 3, 5, 8, 12, 15, 17, 24, 27]
2026-03-29 23:15:06,192 - ICA_results_proposed - INFO - Output dir: /Users/xuyg/GitHub/EEG_Reward-Processing_ERP/output_mne
2026-03-29 23:15:06,195 - ICA_results_proposed - INFO - Check log file: /Users/xuyg/GitHub/EEG_Reward-Processing_ERP/output_mne/logs/ICA_results_proposed.log
2026-03-29 23:15:36,069 - ICA_results_proposed - INFO - Subject 31: Excluded 11/31 ICs -> [0, 1, 4, 5, 7, 15, 16, 19, 28, 29, 30]
2026-03-29 23:15:49,681 - ICA_results_proposed - INFO - Subject 31: Excluded 11/31 ICs -> [0, 1, 4, 5, 7, 15, 16, 19, 28, 29, 30]
2026-03-29 23:16:11,476 - ICA_results_proposed - INFO - Output dir: /Users/xuyg/GitHub/EEG_Reward-Processing_ERP/output_mne
2026-03-29 23:16:11,477 - ICA_results_proposed - INFO - Check log file: /Users/xuyg/GitHub/EEG_Reward-Processing_ERP/output_mne/logs/ICA_results_proposed.log
2026-03-29 23:16:43,206 - ICA_results_proposed - INFO - Subject 32: Excluded 15/31 ICs -> [0, 1, 4, 5, 9, 11, 13, 14, 18, 20, 21, 24, 25, 26, 28]
2026-03-29 23:16:57,907 - ICA_results_proposed - INFO - Subject 32: Excluded 15/31 ICs -> [0, 1, 4, 5, 9, 11, 13, 14, 18, 20, 21, 24, 25, 26, 28]
2026-03-29 23:17:15,120 - ICA_results_proposed - INFO - Output dir: /Users/xuyg/GitHub/EEG_Reward-Processing_ERP/output_mne
2026-03-29 23:17:15,121 - ICA_results_proposed - INFO - Check log file: /Users/xuyg/GitHub/EEG_Reward-Processing_ERP/output_mne/logs/ICA_results_proposed.log
2026-03-29 23:17:49,586 - ICA_results_proposed - INFO - Subject 33: Excluded 13/31 ICs -> [1, 2, 4, 5, 8, 9, 10, 11, 15, 17, 18, 20, 26]
2026-03-29 23:18:06,831 - ICA_results_proposed - INFO - Subject 33: Excluded 13/31 ICs -> [1, 2, 4, 5, 8, 9, 10, 11, 15, 17, 18, 20, 26]
2026-03-29 23:18:23,125 - ICA_results_proposed - INFO - Output dir: /Users/xuyg/GitHub/EEG_Reward-Processing_ERP/output_mne
2026-03-29 23:18:23,125 - ICA_results_proposed - INFO - Check log file: /Users/xuyg/GitHub/EEG_Reward-Processing_ERP/output_mne/logs/ICA_results_proposed.log
2026-03-29 23:19:14,360 - ICA_results_proposed - INFO - Subject 34: Excluded 11/31 ICs -> [0, 2, 3, 4, 8, 9, 10, 11, 12, 17, 19]
2026-03-29 23:19:42,742 - ICA_results_proposed - INFO - Subject 34: Excluded 11/31 ICs -> [0, 2, 3, 4, 8, 9, 10, 11, 12, 17, 19]
2026-03-29 23:20:18,709 - ICA_results_proposed - INFO - Output dir: /Users/xuyg/GitHub/EEG_Reward-Processing_ERP/output_mne
2026-03-29 23:20:18,710 - ICA_results_proposed - INFO - Check log file: /Users/xuyg/GitHub/EEG_Reward-Processing_ERP/output_mne/logs/ICA_results_proposed.log
2026-03-29 23:21:29,755 - ICA_results_proposed - INFO - Subject 35: Excluded 20/31 ICs -> [0, 1, 2, 3, 4, 5, 7, 8, 9, 10, 11, 12, 14, 15, 16, 17, 19, 25, 29, 30]
2026-03-29 23:22:13,960 - ICA_results_proposed - INFO - Subject 35: Excluded 20/31 ICs -> [0, 1, 2, 3, 4, 5, 7, 8, 9, 10, 11, 12, 14, 15, 16, 17, 19, 25, 29, 30]
2026-03-29 23:24:14,108 - ICA_results_proposed - INFO - Output dir: /Users/xuyg/GitHub/EEG_Reward-Processing_ERP/output_mne
2026-03-29 23:24:14,108 - ICA_results_proposed - INFO - Check log file: /Users/xuyg/GitHub/EEG_Reward-Processing_ERP/output_mne/logs/ICA_results_proposed.log
2026-03-29 23:24:51,387 - ICA_results_proposed - INFO - Subject 36: Excluded 17/31 ICs -> [0, 2, 3, 4, 5, 6, 7, 8, 9, 10, 13, 14, 19, 21, 23, 24, 29]
2026-03-29 23:25:08,843 - ICA_results_proposed - INFO - Subject 36: Excluded 17/31 ICs -> [0, 2, 3, 4, 5, 6, 7, 8, 9, 10, 13, 14, 19, 21, 23, 24, 29]
2026-03-29 23:37:29,856 - ICA_results_proposed - INFO - Output dir: /Users/xuyg/GitHub/EEG_Reward-Processing_ERP/output_mne
2026-03-29 23:37:29,857 - ICA_results_proposed - INFO - Check log file: /Users/xuyg/GitHub/EEG_Reward-Processing_ERP/output_mne/logs/ICA_results_proposed.log
2026-03-29 23:38:07,361 - ICA_results_proposed - INFO - Subject 37: Excluded 10/31 ICs -> [0, 3, 7, 8, 11, 12, 18, 20, 25, 27]
2026-03-29 23:38:23,055 - ICA_results_proposed - INFO - Subject 37: Excluded 10/31 ICs -> [0, 3, 7, 8, 11, 12, 18, 20, 25, 27]
2026-03-29 23:41:41,856 - ICA_results_proposed - INFO - Output dir: /Users/xuyg/GitHub/EEG_Reward-Processing_ERP/output_mne
2026-03-29 23:41:41,857 - ICA_results_proposed - INFO - Check log file: /Users/xuyg/GitHub/EEG_Reward-Processing_ERP/output_mne/logs/ICA_results_proposed.log
2026-03-29 23:42:13,752 - ICA_results_proposed - INFO - Subject 38: Excluded 9/31 ICs -> [0, 5, 8, 9, 10, 12, 14, 21, 30]
2026-03-29 23:42:30,379 - ICA_results_proposed - INFO - Subject 38: Excluded 9/31 ICs -> [0, 5, 8, 9, 10, 12, 14, 21, 30]
