2026-03-31 17:16:59,323 - stats_prop_all - INFO - Logger initialized -> /Users/xuyg/GitHub/EEG_Reward-Processing_ERP/output_mne/logs/stats_prop_all.log
2026-03-31 17:16:59,324 - stats_prop_all - INFO - Output dir: /Users/xuyg/GitHub/EEG_Reward-Processing_ERP/output_mne
2026-03-31 17:16:59,324 - stats_prop_all - INFO - Check log file: /Users/xuyg/GitHub/EEG_Reward-Processing_ERP/output_mne/logs/stats_prop_all.log
2026-03-31 17:16:59,478 - stats_prop_all - INFO - Collected behavior summary for 12 subjects
2026-03-31 17:16:59,481 - stats_prop_all - INFO - RM ANOVA: F(2,22) = 14.08, p = 0.0001155
2026-03-31 17:16:59,481 - stats_prop_all - INFO - partial eta^2 = 0.5614
2026-03-31 17:16:59,481 - stats_prop_all - INFO - generalized eta^2 = 0.4168
2026-03-31 17:16:59,483 - stats_prop_all - INFO - The proportion of winning trials among different tasks (n=12):
• low-value: 48.60%, 95% CI [46.71, 50.50]
• mid-value: 59.03%, 95% CI [55.78, 62.28]
• high-value: 60.00%, 95% CI [54.08, 65.92]
F(2,22) = 14.08, p < .001, ηp² = 0.56, ηg² = 0.42
2026-03-31 17:16:59,544 - stats_prop_all - INFO - Shapiro-Wilk on paired differences: p = 0.7551
2026-03-31 17:16:59,544 - stats_prop_all - INFO - Paired t-test: t(11) = 1.552, p = 0.149
2026-03-31 17:16:59,545 - stats_prop_all - INFO - Mean difference = 0.05834
2026-03-31 17:16:59,545 - stats_prop_all - INFO - Cohen's dz = 0.4479
2026-03-31 17:16:59,546 - stats_prop_all - INFO - mid-value block: 72.76%, 95% CI [63.64, 81.87]
high-value block: 66.92%, 95% CI [56.92, 76.93]
t(11) = 1.55, p = 0.149, Cohen's d = 0.45
2026-03-31 17:16:59,729 - stats_prop_all - INFO - Saved RewP scores -> /Users/xuyg/GitHub/EEG_Reward-Processing_ERP/output_mne/stats/rewp_scores_prop_all.csv
2026-03-31 17:16:59,732 - stats_prop_all - INFO - [High-value cues | MH vs HH]
mid-value task: 0.89 μV, 95% CI [-1.79, 3.57]
high-value task: 2.57 μV, 95% CI [-0.21, 5.34]
t(11) = -2.04, p = .066, Cohen's d = -0.59
Exact paired permutation: p = .064
2026-03-31 17:16:59,732 - stats_prop_all - INFO - 

2026-03-31 17:16:59,738 - stats_prop_all - INFO - [Low-value cues | ML vs LL]
mid-value task: 2.39 μV, 95% CI [-0.10, 4.89]
low-value task: 2.82 μV, 95% CI [-0.31, 5.95]
t(11) = -0.30, p = .771, Cohen's d = -0.09
Exact paired permutation: p = .806
2026-03-31 17:16:59,920 - stats_prop_all - INFO - ΔRewP-performance correlation: r = 0.457, p = 0.1348, n = 12
2026-03-31 17:17:00,048 - stats_prop_all - INFO - [Permutation plot | High-value cues | MH vs HH] observed mean diff = -1.676, p = 0.06445, n = 12
2026-03-31 17:19:47,416 - stats_prop_all - INFO - ΔRewP-performance correlation: r = 0.457, p = 0.1348, n = 12
2026-03-31 17:20:46,794 - stats_prop_all - INFO - ΔRewP-performance correlation: r = 0.457, p = 0.1348, n = 12
2026-03-31 17:21:19,580 - stats_prop_all - INFO - ΔRewP-performance correlation: r = 0.457, p = 0.1348, n = 12
